[debug] [2023-05-15T18:51:09.784Z] ----------------------------------------------------------------------
[debug] [2023-05-15T18:51:09.786Z] Command:       C:\Program Files\nodejs\node.exe C:\Users\Fraedusa\AppData\Roaming\npm\node_modules\firebase-tools\lib\bin\firebase.js deploy
[debug] [2023-05-15T18:51:09.786Z] CLI Version:   12.0.0
[debug] [2023-05-15T18:51:09.787Z] Platform:      win32
[debug] [2023-05-15T18:51:09.787Z] Node Version:  v18.15.0
[debug] [2023-05-15T18:51:09.788Z] Time:          Mon May 15 2023 15:51:09 GMT-0300 (hora estándar de Argentina)
[debug] [2023-05-15T18:51:09.788Z] ----------------------------------------------------------------------
[debug] 
[debug] [2023-05-15T18:51:09.854Z] > command requires scopes: ["email","openid","https://www.googleapis.com/auth/cloudplatformprojects.readonly","https://www.googleapis.com/auth/firebase","https://www.googleapis.com/auth/cloud-platform"]
[debug] [2023-05-15T18:51:09.854Z] > authorizing via signed-in user (romina.figueroa1986@gmail.com)
[debug] [2023-05-15T18:51:09.854Z] [iam] checking project miportfoliorf for permissions ["firebase.projects.get","firebasehosting.sites.update"]
[debug] [2023-05-15T18:51:09.855Z] > refreshing access token with scopes: []
[debug] [2023-05-15T18:51:09.857Z] >>> [apiv2][query] POST https://www.googleapis.com/oauth2/v3/token [none]
[debug] [2023-05-15T18:51:09.857Z] >>> [apiv2][body] POST https://www.googleapis.com/oauth2/v3/token [omitted]
[debug] [2023-05-15T18:51:10.498Z] <<< [apiv2][status] POST https://www.googleapis.com/oauth2/v3/token 200
[debug] [2023-05-15T18:51:10.498Z] <<< [apiv2][body] POST https://www.googleapis.com/oauth2/v3/token [omitted]
[debug] [2023-05-15T18:51:10.509Z] >>> [apiv2][query] POST https://cloudresourcemanager.googleapis.com/v1/projects/miportfoliorf:testIamPermissions [none]
[debug] [2023-05-15T18:51:10.509Z] >>> [apiv2][(partial)header] POST https://cloudresourcemanager.googleapis.com/v1/projects/miportfoliorf:testIamPermissions x-goog-quota-user=projects/miportfoliorf
[debug] [2023-05-15T18:51:10.509Z] >>> [apiv2][body] POST https://cloudresourcemanager.googleapis.com/v1/projects/miportfoliorf:testIamPermissions {"permissions":["firebase.projects.get","firebasehosting.sites.update"]}
[debug] [2023-05-15T18:51:11.841Z] <<< [apiv2][status] POST https://cloudresourcemanager.googleapis.com/v1/projects/miportfoliorf:testIamPermissions 200
[debug] [2023-05-15T18:51:11.841Z] <<< [apiv2][body] POST https://cloudresourcemanager.googleapis.com/v1/projects/miportfoliorf:testIamPermissions {"permissions":["firebase.projects.get","firebasehosting.sites.update"]}
[debug] [2023-05-15T18:51:11.842Z] >>> [apiv2][query] GET https://firebase.googleapis.com/v1beta1/projects/miportfoliorf [none]
[debug] [2023-05-15T18:51:12.485Z] <<< [apiv2][status] GET https://firebase.googleapis.com/v1beta1/projects/miportfoliorf 200
[debug] [2023-05-15T18:51:12.485Z] <<< [apiv2][body] GET https://firebase.googleapis.com/v1beta1/projects/miportfoliorf {"projectId":"miportfoliorf","projectNumber":"893761045803","displayName":"miportfoliorf","name":"projects/miportfoliorf","resources":{"hostingSite":"miportfoliorf"},"state":"ACTIVE","etag":"1_932fa452-0130-4a60-a8ca-f9e6d0a10a41"}
[info] 
[info] === Deploying to 'miportfoliorf'...
[info] 
[info] i  deploying hosting 
[debug] [2023-05-15T18:51:12.491Z] >>> [apiv2][query] POST https://firebasehosting.googleapis.com/v1beta1/projects/-/sites/miportfoliorf/versions [none]
[debug] [2023-05-15T18:51:12.491Z] >>> [apiv2][body] POST https://firebasehosting.googleapis.com/v1beta1/projects/-/sites/miportfoliorf/versions {"status":"CREATED","labels":{"deployment-tool":"cli-firebase"}}
[debug] [2023-05-15T18:51:14.022Z] <<< [apiv2][status] POST https://firebasehosting.googleapis.com/v1beta1/projects/-/sites/miportfoliorf/versions 200
[debug] [2023-05-15T18:51:14.022Z] <<< [apiv2][body] POST https://firebasehosting.googleapis.com/v1beta1/projects/-/sites/miportfoliorf/versions {"name":"projects/893761045803/sites/miportfoliorf/versions/2d960a889f4993b8","status":"CREATED","config":{},"labels":{"deployment-tool":"cli-firebase"}}
[info] i  hosting[miportfoliorf]: beginning deploy... 
[info] i  hosting[miportfoliorf]: found 21 files in dist/portfolioangular 
[debug] [2023-05-15T18:51:14.034Z] [hosting] uploading with 200 concurrency
[debug] [2023-05-15T18:51:14.058Z] [hosting] hash cache [ZGlzdFxwb3J0Zm9saW9hbmd1bGFy] stored for 21 files
[debug] [2023-05-15T18:51:14.058Z] [hosting][hash queue][FINAL] {"max":19,"min":0,"avg":4.428571428571429,"active":0,"complete":21,"success":21,"errored":0,"retried":0,"total":21,"elapsed":23}
[debug] [2023-05-15T18:51:14.059Z] >>> [apiv2][query] POST https://firebasehosting.googleapis.com/v1beta1/projects/893761045803/sites/miportfoliorf/versions/2d960a889f4993b8:populateFiles [none]
[debug] [2023-05-15T18:51:14.059Z] >>> [apiv2][body] POST https://firebasehosting.googleapis.com/v1beta1/projects/893761045803/sites/miportfoliorf/versions/2d960a889f4993b8:populateFiles {"files":{"/favicon.ico":"2c19690e9587bae12f419b34d2edeecc76808099540a9c9f4ea6194116cfc8f7","/assets/img/Argentina programa.png":"e9340bfbf8eadb845386f1d60a1c60f0356a6696b8a283f255413c9afe8c4efe","/assets/img/argprog.png":"51f6c1fe19937e88cc8738c647dd7001c2ed1f5d11deaf08838f01a89f8d2ab2","/assets/img/banner4.jpg":"39d67f2b4d9d38ecf912c8ca9b09022022da7acbe284f94c3df560770a3e7011","/assets/img/CERTIFICADO EGG.png":"a9936912b6448fe42ab4c36aa06e827a581e6e632efbbdd9da3be07f9bdc9613","/assets/img/CERTIFICADO SE PROGRAMAR.png":"57b070317429b6a154d84bb741bbb4948e38036d8340476129385a93af255850","/assets/img/Educacion.png":"e9f1e76ebbdc31dd5cfc48ff4b927797faf6a2d992edb1a7670403f259eea086","/assets/img/imagen 2.jfif":"e18efcf8a87cc83d125a7d7f9c0992d35f5e20ad1d5a177263c11ca21ef7aef6","/assets/img/lila.jpg":"ea217fba958cd3cc50e6eed3c1443efa6f9d0f81135cad0278785f2474300ffb","/assets/img/perfil 2.JPG":"a6d30d9ce99e995aee9c02204a7a37ede1851cb78130edaf5c1e35853958868d","/assets/img/proyecto1.jpeg":"9ecb04aab3d407cb7b7248ff807222eb7931f3c6260a577c2da8bd073df40583","/assets/json/proyecto-final.json":"58d16c1163b09ebc2e36be081aa4cf3fcd585aca55aa1252b05076e7a8579608","/index.html":"a228c56787859ae514a913253ffa4ce02b311f43fb93be0360dff4b96787e32e","/3rdpartylicenses.txt":"0af76a35264980722370c1e1f53923731fa3ede1b77b1c33d32b89e07205e0e6","/lila.1ee17e8c0712edc6.jpg":"ea217fba958cd3cc50e6eed3c1443efa6f9d0f81135cad0278785f2474300ffb","/runtime.c352a06c038ab9b9.js":"66fbb1f98e63de34b0a98f79b7108a92b0c7bb078ab5c7b0ed18357d7ccc9f20","/polyfills.c85c91aa8bf851c8.js":"003979eff169495bc98a87acc439e6a8357d6cdc8e7b9e5ef9bbc914b7c9426b","/scripts.c91eedceb4883133.js":"7aafdb0695fa7e1f431ced35ebd10c0e29768154f97439700d3784db520b6070","/styles.9c36b9530393e161.css":"30e4735c71aa8f07de756c41852d11536e581518ca962ff2cb8d78c1c2b5d8fc","/banner4.879c8d7fa9a209ef.jpg":"39d67f2b4d9d38ecf912c8ca9b09022022da7acbe284f94c3df560770a3e7011","/main.4571af7e361954d9.js":"c0d0a1c3cd213bc1274935f686bff0bd3b85d8c789461f2b2d7482bf1a3e281a"}}
